[2020-01-28T13:12:54.292] [DEBUG] cheese - login => username:123,password:123456
[2020-01-28T13:12:54.298] [DEBUG] cheese - 123
[2020-01-28T13:12:54.339] [DEBUG] cheese - null
[2020-01-28T13:12:54.339] [DEBUG] cheese - null
[2020-01-28T13:14:23.231] [DEBUG] cheese - login => username:123,password:123456
[2020-01-28T13:14:23.231] [DEBUG] cheese - 123
[2020-01-28T13:14:23.236] [DEBUG] cheese - null
[2020-01-28T13:14:23.236] [DEBUG] cheese - null
[2020-01-28T13:15:04.547] [DEBUG] cheese - login => username:admin,password:123456
[2020-01-28T13:15:04.547] [DEBUG] cheese - admin
[2020-01-28T13:15:04.558] [DEBUG] cheese - null
[2020-01-28T13:15:04.559] [DEBUG] cheese - null
[2020-01-28T13:15:35.643] [DEBUG] cheese - login => username:123,password:123456
[2020-01-28T13:15:35.643] [DEBUG] cheese - 123
[2020-01-28T13:15:35.647] [DEBUG] cheese - null
[2020-01-28T13:15:35.647] [DEBUG] cheese - null
[2020-01-28T13:17:31.929] [DEBUG] cheese - login => username:123,password:123121
[2020-01-28T13:17:31.929] [DEBUG] cheese - 123
[2020-01-28T13:17:31.932] [DEBUG] cheese - null
[2020-01-28T13:17:31.932] [DEBUG] cheese - null
[2020-01-28T13:17:37.321] [DEBUG] cheese - login => username:admin,password:123121
[2020-01-28T13:17:37.321] [DEBUG] cheese - admin
[2020-01-28T13:17:37.327] [DEBUG] cheese - null
[2020-01-28T13:17:37.327] [DEBUG] cheese - null
[2020-01-28T13:18:03.398] [DEBUG] cheese - login => username:231,password:123123
[2020-01-28T13:18:03.398] [DEBUG] cheese - 231
[2020-01-28T13:18:03.405] [DEBUG] cheese - null
[2020-01-28T13:18:03.405] [DEBUG] cheese - null
[2020-01-28T13:18:33.776] [DEBUG] cheese - login => username:123,password:123123
[2020-01-28T13:18:33.776] [DEBUG] cheese - 123
[2020-01-28T13:18:33.780] [DEBUG] cheese - null
[2020-01-28T13:18:33.780] [DEBUG] cheese - null
[2020-01-28T13:18:48.082] [DEBUG] cheese - login => username:admin,password:123456
[2020-01-28T13:18:48.082] [DEBUG] cheese - admin
[2020-01-28T13:18:48.085] [DEBUG] cheese - null
[2020-01-28T13:18:48.085] [DEBUG] cheese - null
[2020-01-28T13:18:50.384] [DEBUG] cheese - login => username:admin,password:1234561
[2020-01-28T13:18:50.384] [DEBUG] cheese - admin
[2020-01-28T13:18:50.387] [DEBUG] cheese - null
[2020-01-28T13:18:50.387] [DEBUG] cheese - null
[2020-01-28T13:22:26.122] [DEBUG] cheese - login => username:admin,password:123456
[2020-01-28T13:22:26.123] [DEBUG] cheese - admin
[2020-01-28T13:22:26.134] [DEBUG] cheese - null
[2020-01-28T13:22:26.134] [DEBUG] cheese - null
[2020-01-28T13:22:29.802] [DEBUG] cheese - login => username:admin,password:1234561
[2020-01-28T13:22:29.802] [DEBUG] cheese - admin
[2020-01-28T13:22:29.807] [DEBUG] cheese - null
[2020-01-28T13:22:29.807] [DEBUG] cheese - null
[2020-01-28T13:22:33.031] [DEBUG] cheese - login => username:122,password:1234561
[2020-01-28T13:22:33.031] [DEBUG] cheese - 122
[2020-01-28T13:22:33.036] [DEBUG] cheese - null
[2020-01-28T13:22:33.036] [DEBUG] cheese - null
[2020-01-28T13:27:11.583] [DEBUG] cheese - login => username:admin,password:123456
[2020-01-28T13:27:11.584] [DEBUG] cheese - admin
[2020-01-28T13:27:11.588] [DEBUG] cheese - null
[2020-01-28T13:27:11.588] [DEBUG] cheese - null
[2020-01-28T13:37:07.468] [DEBUG] cheese - login => username:admin,password:123456
[2020-01-28T13:37:07.469] [DEBUG] cheese - admin
[2020-01-28T13:37:07.477] [DEBUG] cheese - null
[2020-01-28T13:37:07.477] [DEBUG] cheese - null
[2020-01-28T21:01:36.439] [DEBUG] cheese - login => username:admin,password:123456
[2020-01-28T21:01:36.440] [DEBUG] cheese - admin
[2020-01-28T21:01:36.445] [DEBUG] cheese - null
[2020-01-28T21:01:36.446] [DEBUG] cheese - null
[2020-01-28T21:04:27.037] [DEBUG] cheese - login => username:admin,password:123456
[2020-01-28T21:04:27.037] [DEBUG] cheese - admin
[2020-01-28T21:04:27.041] [DEBUG] cheese - null
[2020-01-28T21:04:27.041] [DEBUG] cheese - null
[2020-01-29T14:12:09.050] [DEBUG] cheese - login => username:admin,password:123456
[2020-01-29T14:12:09.052] [DEBUG] cheese - admin
[2020-01-29T14:12:09.076] [DEBUG] cheese - null
[2020-01-29T14:12:09.077] [DEBUG] cheese - null
[2020-01-29T14:53:58.906] [DEBUG] cheese - login => username:junjun,password:123456
[2020-01-29T14:53:58.907] [DEBUG] cheese - junjun
[2020-01-29T14:53:58.911] [DEBUG] cheese - null
[2020-01-29T14:53:58.911] [DEBUG] cheese - null
[2020-01-29T14:54:08.394] [DEBUG] cheese - login => username:admin,password:123456
[2020-01-29T14:54:08.394] [DEBUG] cheese - admin
[2020-01-29T14:54:08.397] [DEBUG] cheese - null
[2020-01-29T14:54:08.397] [DEBUG] cheese - null
[2020-01-29T23:00:16.120] [DEBUG] cheese - null
[2020-01-29T23:00:31.263] [DEBUG] cheese - null
[2020-01-29T23:02:01.606] [DEBUG] cheese - null
[2020-01-29T23:03:14.546] [DEBUG] cheese - null
[2020-01-29T23:06:44.206] [DEBUG] cheese - null
[2020-01-29T23:08:03.815] [DEBUG] cheese - null
[2020-01-29T23:11:22.930] [DEBUG] cheese - null
[2020-01-29T23:11:31.826] [DEBUG] cheese - null
[2020-01-29T23:12:29.777] [DEBUG] cheese - null
[2020-01-30T10:33:23.294] [DEBUG] cheese - login => username:admin,password:123456
[2020-01-30T10:33:23.297] [DEBUG] cheese - admin
[2020-01-30T10:33:23.320] [DEBUG] cheese - null
[2020-01-30T10:33:23.322] [DEBUG] cheese - null
[2020-01-30T13:13:26.035] [DEBUG] cheese - null
[2020-01-30T13:13:27.844] [DEBUG] cheese - null
[2020-01-30T22:35:03.945] [DEBUG] cheese - login => username:junjun,password:123456
[2020-01-30T22:35:03.946] [DEBUG] cheese - junjun
[2020-01-30T22:35:03.952] [DEBUG] cheese - null
[2020-01-30T22:35:03.952] [DEBUG] cheese - null
[2020-01-30T22:35:06.254] [DEBUG] cheese - null
[2020-01-30T22:35:06.258] [DEBUG] cheese - null
[2020-01-30T22:35:08.412] [DEBUG] cheese - null
[2020-01-30T22:35:08.417] [DEBUG] cheese - null
[2020-01-30T22:35:09.474] [DEBUG] cheese - null
[2020-01-30T22:35:09.481] [DEBUG] cheese - null
[2020-01-30T22:35:14.108] [DEBUG] cheese - null
[2020-01-30T22:35:14.114] [DEBUG] cheese - null
[2020-01-30T22:35:16.936] [DEBUG] cheese - null
[2020-01-30T22:35:16.940] [DEBUG] cheese - null
[2020-01-30T22:35:26.046] [DEBUG] cheese - null
[2020-01-30T22:35:26.050] [DEBUG] cheese - null
[2020-01-30T22:36:07.578] [DEBUG] cheese - null
[2020-01-30T22:36:07.583] [DEBUG] cheese - null
[2020-01-30T22:36:10.000] [DEBUG] cheese - null
[2020-01-30T22:36:10.003] [DEBUG] cheese - null
[2020-01-30T22:36:13.913] [DEBUG] cheese - null
[2020-01-30T22:36:13.918] [DEBUG] cheese - null
[2020-01-30T22:36:23.321] [DEBUG] cheese - null
[2020-01-30T22:36:23.327] [DEBUG] cheese - null
[2020-01-30T22:36:24.743] [DEBUG] cheese - null
[2020-01-30T22:36:24.747] [DEBUG] cheese - null
[2020-01-30T22:36:28.097] [DEBUG] cheese - null
[2020-01-30T22:36:28.100] [DEBUG] cheese - null
[2020-01-30T22:36:32.816] [DEBUG] cheese - null
[2020-01-30T22:36:32.819] [DEBUG] cheese - null
[2020-01-30T22:36:35.919] [DEBUG] cheese - null
[2020-01-30T22:36:35.922] [DEBUG] cheese - null
[2020-01-30T22:36:46.778] [DEBUG] cheese - null
[2020-01-30T22:36:46.784] [DEBUG] cheese - null
[2020-01-30T22:36:47.782] [DEBUG] cheese - null
[2020-01-30T22:36:47.788] [DEBUG] cheese - null
[2020-01-30T22:36:49.733] [DEBUG] cheese - null
[2020-01-30T22:36:49.738] [DEBUG] cheese - null
[2020-01-30T22:37:09.568] [DEBUG] cheese - null
[2020-01-30T22:37:09.572] [DEBUG] cheese - null
[2020-01-30T22:37:13.523] [DEBUG] cheese - null
[2020-01-30T22:37:13.526] [DEBUG] cheese - null
[2020-01-30T22:37:15.867] [DEBUG] cheese - null
[2020-01-30T22:37:15.870] [DEBUG] cheese - null
[2020-01-30T22:37:21.689] [DEBUG] cheese - null
[2020-01-30T22:37:21.693] [DEBUG] cheese - null
[2020-01-30T22:37:21.750] [DEBUG] cheese - null
[2020-01-30T22:37:21.754] [DEBUG] cheese - null
[2020-01-30T22:37:28.488] [DEBUG] cheese - null
[2020-01-30T22:37:28.492] [DEBUG] cheese - null
[2020-01-30T22:37:35.691] [DEBUG] cheese - null
[2020-01-30T22:37:35.696] [DEBUG] cheese - null
[2020-01-30T22:37:37.649] [DEBUG] cheese - null
[2020-01-30T22:37:37.652] [DEBUG] cheese - null
[2020-01-30T22:37:39.984] [DEBUG] cheese - null
[2020-01-30T22:37:39.987] [DEBUG] cheese - null
[2020-01-30T22:37:42.762] [DEBUG] cheese - null
[2020-01-30T22:37:42.766] [DEBUG] cheese - null
[2020-01-30T22:37:46.179] [DEBUG] cheese - null
[2020-01-30T22:37:46.182] [DEBUG] cheese - null
[2020-01-30T22:37:46.234] [DEBUG] cheese - null
[2020-01-30T22:37:46.237] [DEBUG] cheese - null
[2020-01-30T22:37:57.024] [DEBUG] cheese - null
[2020-01-30T22:37:57.031] [DEBUG] cheese - null
[2020-01-30T22:38:00.440] [DEBUG] cheese - null
[2020-01-30T22:38:00.443] [DEBUG] cheese - null
[2020-01-30T22:38:02.826] [DEBUG] cheese - null
[2020-01-30T22:38:02.836] [DEBUG] cheese - null
[2020-01-30T22:38:16.678] [DEBUG] cheese - null
[2020-01-30T22:38:16.684] [DEBUG] cheese - null
[2020-01-30T22:38:18.826] [DEBUG] cheese - null
[2020-01-30T22:38:18.830] [DEBUG] cheese - null
[2020-01-30T22:38:23.340] [DEBUG] cheese - null
[2020-01-30T22:38:23.343] [DEBUG] cheese - null
[2020-01-30T22:56:18.535] [DEBUG] cheese - login => username:admin,password:123456
[2020-01-30T22:56:18.535] [DEBUG] cheese - admin
[2020-01-30T22:56:18.540] [DEBUG] cheese - null
[2020-01-30T22:56:18.540] [DEBUG] cheese - null
[2020-01-31T23:23:17.812] [DEBUG] cheese - login => username:admin,password:123456
[2020-01-31T23:23:17.817] [DEBUG] cheese - admin
[2020-01-31T23:23:17.825] [DEBUG] cheese - null
[2020-01-31T23:23:17.825] [DEBUG] cheese - null
[2020-02-01T12:54:00.001] [DEBUG] cheese - null
